{"/home/hamza/Projects/Google-Careers-clone/src/playground.js": {"path":"/home/hamza/Projects/Google-Careers-clone/src/playground.js","statementMap":{"0":{"start":{"line":21,"column":25},"end":{"line":27,"column":1}},"1":{"start":{"line":22,"column":2},"end":{"line":26,"column":3}},"2":{"start":{"line":23,"column":4},"end":{"line":23,"column":18}},"3":{"start":{"line":25,"column":4},"end":{"line":25,"column":17}}},"fnMap":{"0":{"name":"(anonymous_0)","decl":{"start":{"line":21,"column":25},"end":{"line":21,"column":26}},"loc":{"start":{"line":21,"column":37},"end":{"line":27,"column":1}},"line":21}},"branchMap":{"0":{"loc":{"start":{"line":22,"column":2},"end":{"line":26,"column":3}},"type":"if","locations":[{"start":{"line":22,"column":2},"end":{"line":26,"column":3}},{"start":{"line":24,"column":9},"end":{"line":26,"column":3}}],"line":22}},"s":{"0":1,"1":2,"2":1,"3":1},"f":{"0":2},"b":{"0":[1,1]},"_coverageSchema":"1a1c01bbd47fc00a2c39e90264f33305004495a9","hash":"4028ad61a02a680e094e597b547abdd7bd5eaa04"}
,"/home/hamza/Projects/Google-Careers-clone/src/components/ActionButton.vue": {"path":"/home/hamza/Projects/Google-Careers-clone/src/components/ActionButton.vue","statementMap":{"0":{"start":{"line":6,"column":15},"end":{"line":6,"column":null}},"1":{"start":{"line":16,"column":6},"end":{"line":16,"column":13}}},"fnMap":{"0":{"name":"(anonymous_0)","decl":{"start":{"line":15,"column":4},"end":{"line":15,"column":15}},"loc":{"start":{"line":15,"column":18},"end":{"line":20,"column":null}}}},"branchMap":{},"s":{"0":1,"1":4},"f":{"0":4},"b":{}}
,"/home/hamza/Projects/Google-Careers-clone/src/components/ProfileImage.vue": {"path":"/home/hamza/Projects/Google-Careers-clone/src/components/ProfileImage.vue","statementMap":{"0":{"start":{"line":8,"column":15},"end":{"line":8,"column":null}}},"fnMap":{},"branchMap":{},"s":{"0":1},"f":{},"b":{}}
}
